<?xml version="1.0" encoding="UTF-8"?>
<coverage generated="1558514746121" clover="3.2.0">
  <project timestamp="1558514746122" name="All files">
    <metrics statements="8" coveredstatements="8" conditionals="0" coveredconditionals="0" methods="1" coveredmethods="1" elements="9" coveredelements="9" complexity="0" loc="8" ncloc="8" packages="1" files="2" classes="2">
      <file name="index.ts" path="/Users/yuchen/Projects/yca/auth/src/index.ts">
        <metrics statements="5" coveredstatements="5" conditionals="0" coveredconditionals="0" methods="1" coveredmethods="1"/>
        <line num="1" count="1" type="stmt"/>
        <line num="2" count="1" type="stmt"/>
        <line num="3" count="1" type="stmt"/>
        <line num="5" count="1" type="stmt"/>
        <line num="16" count="1" type="stmt"/>
      </file>
      <file name="service.ts" path="/Users/yuchen/Projects/yca/auth/src/service.ts">
        <metrics statements="3" coveredstatements="3" conditionals="0" coveredconditionals="0" methods="0" coveredmethods="0"/>
        <line num="1" count="1" type="stmt"/>
        <line num="2" count="1" type="stmt"/>
        <line num="5" count="1" type="stmt"/>
      </file>
    </metrics>
  </project>
</coverage>
