{"/Users/yuchen/Projects/yca/auth/src/index.ts": {"path":"/Users/yuchen/Projects/yca/auth/src/index.ts","statementMap":{"0":{"start":{"line":1,"column":0},"end":{"line":1,"column":61}},"1":{"start":{"line":2,"column":0},"end":{"line":2,"column":46}},"2":{"start":{"line":3,"column":0},"end":{"line":3,"column":32}},"3":{"start":{"line":5,"column":0},"end":{"line":5,"column":26}},"4":{"start":{"line":16,"column":13},"end":{"line":null,"column":-1}},"5":{"start":{"line":16,"column":13},"end":{"line":16,"column":23}}},"fnMap":{"0":{"name":"(anonymous_2)","decl":{"start":{"line":17,"column":2},"end":{"line":17,"column":8}},"loc":{"start":{"line":17,"column":9},"end":{"line":22,"column":3}}}},"branchMap":{},"s":{"0":1,"1":1,"2":1,"3":1,"4":1,"5":1},"f":{"0":7},"b":{}}
,"/Users/yuchen/Projects/yca/auth/src/service.ts": {"path":"/Users/yuchen/Projects/yca/auth/src/service.ts","statementMap":{"0":{"start":{"line":1,"column":0},"end":{"line":1,"column":42}},"1":{"start":{"line":10,"column":4},"end":{"line":10,"column":19}},"2":{"start":{"line":11,"column":4},"end":{"line":11,"column":24}},"3":{"start":{"line":12,"column":4},"end":{"line":12,"column":9}},"4":{"start":{"line":16,"column":4},"end":{"line":16,"column":37}},"5":{"start":{"line":20,"column":4},"end":{"line":20,"column":16}},"6":{"start":{"line":24,"column":4},"end":{"line":24,"column":18}},"7":{"start":{"line":28,"column":4},"end":{"line":28,"column":17}},"8":{"start":{"line":29,"column":4},"end":{"line":29,"column":34}},"9":{"start":{"line":33,"column":4},"end":{"line":33,"column":21}},"10":{"start":{"line":33,"column":21},"end":{"line":33,"column":27}},"11":{"start":{"line":34,"column":10},"end":{"line":34,"column":24}},"12":{"start":{"line":35,"column":10},"end":{"line":35,"column":15}},"13":{"start":{"line":36,"column":4},"end":{"line":38,"column":5}},"14":{"start":{"line":37,"column":6},"end":{"line":37,"column":13}},"15":{"start":{"line":39,"column":4},"end":{"line":39,"column":11}},"16":{"start":{"line":43,"column":10},"end":{"line":43,"column":16}},"17":{"start":{"line":44,"column":4},"end":{"line":46,"column":5}},"18":{"start":{"line":45,"column":6},"end":{"line":45,"column":37}},"19":{"start":{"line":45,"column":37},"end":{"line":45,"column":43}},"20":{"start":{"line":47,"column":4},"end":{"line":47,"column":11}},"21":{"start":{"line":51,"column":4},"end":{"line":51,"column":17}},"22":{"start":{"line":52,"column":4},"end":{"line":52,"column":27}},"23":{"start":{"line":4,"column":13},"end":{"line":null,"column":-1}},"24":{"start":{"line":4,"column":13},"end":{"line":4,"column":17}}},"fnMap":{"0":{"name":"(anonymous_7)","decl":{"start":{"line":9,"column":2},"end":{"line":9,"column":7}},"loc":{"start":{"line":9,"column":8},"end":{"line":13,"column":3}}},"1":{"name":"(anonymous_8)","decl":{"start":{"line":15,"column":16},"end":{"line":null,"column":-1}},"loc":{"start":{"line":15,"column":16},"end":{"line":17,"column":3}}},"2":{"name":"(anonymous_10)","decl":{"start":{"line":19,"column":2},"end":{"line":19,"column":5}},"loc":{"start":{"line":19,"column":6},"end":{"line":21,"column":3}}},"3":{"name":"(anonymous_11)","decl":{"start":{"line":23,"column":2},"end":{"line":23,"column":5}},"loc":{"start":{"line":23,"column":6},"end":{"line":25,"column":3}}},"4":{"name":"(anonymous_12)","decl":{"start":{"line":27,"column":2},"end":{"line":27,"column":9}},"loc":{"start":{"line":27,"column":10},"end":{"line":30,"column":3}}},"5":{"name":"(anonymous_13)","decl":{"start":{"line":32,"column":2},"end":{"line":32,"column":5}},"loc":{"start":{"line":32,"column":6},"end":{"line":40,"column":3}}},"6":{"name":"(anonymous_14)","decl":{"start":{"line":42,"column":2},"end":{"line":42,"column":10}},"loc":{"start":{"line":42,"column":14},"end":{"line":48,"column":3}}},"7":{"name":"(anonymous_15)","decl":{"start":{"line":50,"column":8},"end":{"line":null,"column":-1}},"loc":{"start":{"line":50,"column":8},"end":{"line":53,"column":3}}}},"branchMap":{"0":{"loc":{"start":{"line":33,"column":4},"end":{"line":33,"column":21}},"type":"if","locations":[{"start":{"line":33,"column":4},"end":{"line":33,"column":21}},{"start":{"line":33,"column":4},"end":{"line":33,"column":21}}]},"1":{"loc":{"start":{"line":36,"column":4},"end":{"line":38,"column":5}},"type":"if","locations":[{"start":{"line":36,"column":4},"end":{"line":38,"column":5}},{"start":{"line":36,"column":4},"end":{"line":38,"column":5}}]},"2":{"loc":{"start":{"line":45,"column":6},"end":{"line":45,"column":37}},"type":"if","locations":[{"start":{"line":45,"column":6},"end":{"line":45,"column":37}},{"start":{"line":45,"column":6},"end":{"line":45,"column":37}}]}},"s":{"0":1,"1":7,"2":7,"3":7,"4":7,"5":3,"6":4,"7":3,"8":3,"9":10,"10":4,"11":6,"12":6,"13":6,"14":4,"15":2,"16":2,"17":2,"18":2,"19":1,"20":1,"21":1,"22":1,"23":1,"24":1},"f":{"0":7,"1":7,"2":3,"3":4,"4":3,"5":10,"6":2,"7":1},"b":{"0":[4,6],"1":[4,2],"2":[1,1]}}
}
