TN:
SF:/Users/yuchen/Projects/yca/auth/src/index.ts
FN:17,(anonymous_2)
FNF:1
FNH:1
FNDA:8,(anonymous_2)
DA:1,1
DA:2,1
DA:3,1
DA:5,1
DA:16,1
LF:5
LH:5
BRF:0
BRH:0
end_of_record
TN:
SF:/Users/yuchen/Projects/yca/auth/src/service.ts
FN:3,(anonymous_7)
FN:14,(anonymous_8)
FN:21,(anonymous_10)
FN:25,(anonymous_11)
FN:32,(anonymous_13)
FN:36,(anonymous_14)
FN:40,(anonymous_15)
FN:47,(anonymous_17)
FN:57,(anonymous_18)
FN:64,(anonymous_19)
FN:70,(anonymous_21)
FN:74,(anonymous_22)
FNF:12
FNH:11
FNDA:8,(anonymous_7)
FNDA:8,(anonymous_8)
FNDA:0,(anonymous_10)
FNDA:8,(anonymous_11)
FNDA:3,(anonymous_13)
FNDA:4,(anonymous_14)
FNDA:4,(anonymous_15)
FNDA:10,(anonymous_17)
FNDA:2,(anonymous_18)
FNDA:2,(anonymous_19)
FNDA:1,(anonymous_21)
FNDA:1,(anonymous_22)
DA:1,1
DA:4,1
DA:12,8
DA:15,8
DA:16,8
DA:17,8
DA:18,8
DA:22,0
DA:26,8
DA:27,8
DA:28,4
DA:33,3
DA:37,4
DA:41,4
DA:42,4
DA:43,4
DA:44,4
DA:48,10
DA:49,6
DA:50,6
DA:51,6
DA:52,4
DA:54,2
DA:58,2
DA:59,2
DA:61,1
DA:65,2
DA:66,2
DA:67,2
DA:71,1
DA:75,1
LF:31
LH:30
BRDA:27,0,0,4
BRDA:27,0,1,4
BRDA:27,1,0,8
BRDA:27,1,1,4
BRDA:43,2,0,1
BRDA:43,2,1,3
BRDA:48,3,0,4
BRDA:48,3,1,6
BRDA:51,4,0,4
BRDA:51,4,1,2
BRDA:59,5,0,1
BRDA:59,5,1,1
BRDA:67,6,0,1
BRDA:67,6,1,1
BRF:14
BRH:14
end_of_record
