TN:
SF:/Users/yuchen/Projects/yca/auth/src/index.ts
FN:17,(anonymous_2)
FNF:1
FNH:1
FNDA:7,(anonymous_2)
DA:1,1
DA:2,1
DA:3,1
DA:5,1
DA:16,1
LF:5
LH:5
BRF:0
BRH:0
end_of_record
TN:
SF:/Users/yuchen/Projects/yca/auth/src/service.ts
FN:3,(anonymous_7)
FN:11,(anonymous_8)
FN:17,(anonymous_9)
FN:21,(anonymous_10)
FN:28,(anonymous_12)
FN:32,(anonymous_13)
FN:36,(anonymous_14)
FN:41,(anonymous_15)
FN:51,(anonymous_16)
FN:59,(anonymous_17)
FNF:10
FNH:9
FNDA:7,(anonymous_7)
FNDA:7,(anonymous_8)
FNDA:0,(anonymous_9)
FNDA:7,(anonymous_10)
FNDA:3,(anonymous_12)
FNDA:4,(anonymous_13)
FNDA:3,(anonymous_14)
FNDA:10,(anonymous_15)
FNDA:2,(anonymous_16)
FNDA:1,(anonymous_17)
DA:1,1
DA:4,1
DA:9,7
DA:12,7
DA:13,7
DA:14,7
DA:18,0
DA:22,7
DA:23,7
DA:24,4
DA:29,3
DA:33,4
DA:37,3
DA:38,3
DA:42,10
DA:43,6
DA:44,6
DA:45,6
DA:46,4
DA:48,2
DA:52,2
DA:53,2
DA:54,2
DA:56,1
DA:60,1
DA:61,1
LF:26
LH:25
BRDA:23,0,0,4
BRDA:23,0,1,3
BRDA:23,1,0,7
BRDA:23,1,1,4
BRDA:42,2,0,4
BRDA:42,2,1,6
BRDA:45,3,0,4
BRDA:45,3,1,2
BRDA:54,4,0,1
BRDA:54,4,1,1
BRF:10
BRH:10
end_of_record
